
*** Running vivado
    with args -log au_top_0.vds -m64 -product Vivado -mode batch -messageDb vivado.pb -notrace -source au_top_0.tcl



****** Vivado v2020.1 (64-bit)
  **** SW Build 2902540 on Wed May 27 19:54:49 MDT 2020
  **** IP Build 2902112 on Wed May 27 22:43:36 MDT 2020
    ** Copyright 1986-2020 Xilinx, Inc. All Rights Reserved.

source au_top_0.tcl -notrace
Command: synth_design -top au_top_0 -part xc7a35tftg256-1
Starting synth_design
Attempting to get a license for feature 'Synthesis' and/or device 'xc7a35t'
INFO: [Common 17-349] Got license for feature 'Synthesis' and/or device 'xc7a35t'
INFO: [Device 21-403] Loading part xc7a35tftg256-1
INFO: [Synth 8-7079] Multithreading enabled for synth_design using a maximum of 2 processes.
INFO: [Synth 8-7078] Launching helper process for spawning children vivado processes
INFO: [Synth 8-7075] Helper process launched with PID 16320
---------------------------------------------------------------------------------
Starting RTL Elaboration : Time (s): cpu = 00:00:07 ; elapsed = 00:00:07 . Memory (MB): peak = 1025.684 ; gain = 0.000
---------------------------------------------------------------------------------
INFO: [Synth 8-6157] synthesizing module 'au_top_0' [C:/Users/admin/Documents/GitHub/SUTD_ISTD_50.002_1D_CI13_2/Game/gamedraft/work/vivado/gamedraft/gamedraft.srcs/sources_1/imports/verilog/au_top_0.v:7]
INFO: [Synth 8-6157] synthesizing module 'edge_detector_2' [C:/Users/admin/Documents/GitHub/SUTD_ISTD_50.002_1D_CI13_2/Game/gamedraft/work/vivado/gamedraft/gamedraft.srcs/sources_1/imports/verilog/edge_detector_2.v:12]
	Parameter RISE bound to: 1'b1 
	Parameter FALL bound to: 1'b0 
INFO: [Synth 8-6155] done synthesizing module 'edge_detector_2' (1#1) [C:/Users/admin/Documents/GitHub/SUTD_ISTD_50.002_1D_CI13_2/Game/gamedraft/work/vivado/gamedraft/gamedraft.srcs/sources_1/imports/verilog/edge_detector_2.v:12]
INFO: [Synth 8-6157] synthesizing module 'button_conditioner_3' [C:/Users/admin/Documents/GitHub/SUTD_ISTD_50.002_1D_CI13_2/Game/gamedraft/work/vivado/gamedraft/gamedraft.srcs/sources_1/imports/verilog/button_conditioner_3.v:13]
	Parameter CLK_FREQ bound to: 26'b10111110101111000010000000 
	Parameter MIN_DELAY bound to: 5'b10100 
	Parameter NUM_SYNC bound to: 2'b10 
INFO: [Synth 8-6157] synthesizing module 'pipeline_6' [C:/Users/admin/Documents/GitHub/SUTD_ISTD_50.002_1D_CI13_2/Game/gamedraft/work/vivado/gamedraft/gamedraft.srcs/sources_1/imports/verilog/pipeline_6.v:11]
	Parameter DEPTH bound to: 2'b10 
INFO: [Synth 8-6155] done synthesizing module 'pipeline_6' (2#1) [C:/Users/admin/Documents/GitHub/SUTD_ISTD_50.002_1D_CI13_2/Game/gamedraft/work/vivado/gamedraft/gamedraft.srcs/sources_1/imports/verilog/pipeline_6.v:11]
INFO: [Synth 8-6155] done synthesizing module 'button_conditioner_3' (3#1) [C:/Users/admin/Documents/GitHub/SUTD_ISTD_50.002_1D_CI13_2/Game/gamedraft/work/vivado/gamedraft/gamedraft.srcs/sources_1/imports/verilog/button_conditioner_3.v:13]
INFO: [Synth 8-6157] synthesizing module 'reset_conditioner_1' [C:/Users/admin/Documents/GitHub/SUTD_ISTD_50.002_1D_CI13_2/Game/gamedraft/work/vivado/gamedraft/gamedraft.srcs/sources_1/imports/verilog/reset_conditioner_1.v:11]
	Parameter STAGES bound to: 3'b100 
INFO: [Synth 8-6155] done synthesizing module 'reset_conditioner_1' (4#1) [C:/Users/admin/Documents/GitHub/SUTD_ISTD_50.002_1D_CI13_2/Game/gamedraft/work/vivado/gamedraft/gamedraft.srcs/sources_1/imports/verilog/reset_conditioner_1.v:11]
INFO: [Synth 8-6157] synthesizing module 'externalfsm_4' [C:/Users/admin/Documents/GitHub/SUTD_ISTD_50.002_1D_CI13_2/Game/gamedraft/work/vivado/gamedraft/gamedraft.srcs/sources_1/imports/verilog/externalfsm_4.v:7]
	Parameter STATEGAMESTART_state bound to: 3'b000 
	Parameter Q1DISPLAY_state bound to: 3'b001 
	Parameter HPDECREASE1A_state bound to: 3'b010 
	Parameter HPDECREASE1B_state bound to: 3'b011 
	Parameter GAMEOVER_state bound to: 3'b100 
INFO: [Synth 8-6157] synthesizing module 'counter_7' [C:/Users/admin/Documents/GitHub/SUTD_ISTD_50.002_1D_CI13_2/Game/gamedraft/work/vivado/gamedraft/gamedraft.srcs/sources_1/imports/verilog/counter_7.v:14]
	Parameter SIZE bound to: 1'b1 
	Parameter DIV bound to: 6'b101101 
	Parameter TOP bound to: 1'b0 
	Parameter UP bound to: 1'b1 
	Parameter MAX_VALUE bound to: 46'b0111111111111111111111111111111111111111111111 
INFO: [Synth 8-6155] done synthesizing module 'counter_7' (5#1) [C:/Users/admin/Documents/GitHub/SUTD_ISTD_50.002_1D_CI13_2/Game/gamedraft/work/vivado/gamedraft/gamedraft.srcs/sources_1/imports/verilog/counter_7.v:14]
INFO: [Synth 8-155] case statement is not full and has no default [C:/Users/admin/Documents/GitHub/SUTD_ISTD_50.002_1D_CI13_2/Game/gamedraft/work/vivado/gamedraft/gamedraft.srcs/sources_1/imports/verilog/externalfsm_4.v:37]
INFO: [Synth 8-6155] done synthesizing module 'externalfsm_4' (6#1) [C:/Users/admin/Documents/GitHub/SUTD_ISTD_50.002_1D_CI13_2/Game/gamedraft/work/vivado/gamedraft/gamedraft.srcs/sources_1/imports/verilog/externalfsm_4.v:7]
INFO: [Synth 8-6157] synthesizing module 'multi_seven_seg_5' [C:/Users/admin/Documents/GitHub/SUTD_ISTD_50.002_1D_CI13_2/Game/gamedraft/work/vivado/gamedraft/gamedraft.srcs/sources_1/imports/verilog/multi_seven_seg_5.v:12]
	Parameter DIGITS bound to: 3'b100 
	Parameter DIV bound to: 5'b10000 
	Parameter DIGIT_BITS bound to: 2'b10 
INFO: [Synth 8-6157] synthesizing module 'counter_8' [C:/Users/admin/Documents/GitHub/SUTD_ISTD_50.002_1D_CI13_2/Game/gamedraft/work/vivado/gamedraft/gamedraft.srcs/sources_1/imports/verilog/counter_8.v:14]
	Parameter SIZE bound to: 2'b10 
	Parameter DIV bound to: 5'b10000 
	Parameter TOP bound to: 4'b0011 
	Parameter UP bound to: 1'b1 
	Parameter MAX_VALUE bound to: 20'b00111111111111111111 
INFO: [Synth 8-6155] done synthesizing module 'counter_8' (7#1) [C:/Users/admin/Documents/GitHub/SUTD_ISTD_50.002_1D_CI13_2/Game/gamedraft/work/vivado/gamedraft/gamedraft.srcs/sources_1/imports/verilog/counter_8.v:14]
INFO: [Synth 8-6157] synthesizing module 'seven_seg_9' [C:/Users/admin/Documents/GitHub/SUTD_ISTD_50.002_1D_CI13_2/Game/gamedraft/work/vivado/gamedraft/gamedraft.srcs/sources_1/imports/verilog/seven_seg_9.v:7]
WARNING: [Synth 8-151] case item 5'b10000 is unreachable [C:/Users/admin/Documents/GitHub/SUTD_ISTD_50.002_1D_CI13_2/Game/gamedraft/work/vivado/gamedraft/gamedraft.srcs/sources_1/imports/verilog/seven_seg_9.v:65]
WARNING: [Synth 8-151] case item 5'b10001 is unreachable [C:/Users/admin/Documents/GitHub/SUTD_ISTD_50.002_1D_CI13_2/Game/gamedraft/work/vivado/gamedraft/gamedraft.srcs/sources_1/imports/verilog/seven_seg_9.v:68]
WARNING: [Synth 8-151] case item 5'b10010 is unreachable [C:/Users/admin/Documents/GitHub/SUTD_ISTD_50.002_1D_CI13_2/Game/gamedraft/work/vivado/gamedraft/gamedraft.srcs/sources_1/imports/verilog/seven_seg_9.v:71]
WARNING: [Synth 8-151] case item 5'b10011 is unreachable [C:/Users/admin/Documents/GitHub/SUTD_ISTD_50.002_1D_CI13_2/Game/gamedraft/work/vivado/gamedraft/gamedraft.srcs/sources_1/imports/verilog/seven_seg_9.v:74]
INFO: [Synth 8-226] default block is never used [C:/Users/admin/Documents/GitHub/SUTD_ISTD_50.002_1D_CI13_2/Game/gamedraft/work/vivado/gamedraft/gamedraft.srcs/sources_1/imports/verilog/seven_seg_9.v:16]
INFO: [Synth 8-6155] done synthesizing module 'seven_seg_9' (8#1) [C:/Users/admin/Documents/GitHub/SUTD_ISTD_50.002_1D_CI13_2/Game/gamedraft/work/vivado/gamedraft/gamedraft.srcs/sources_1/imports/verilog/seven_seg_9.v:7]
INFO: [Synth 8-6157] synthesizing module 'decoder_10' [C:/Users/admin/Documents/GitHub/SUTD_ISTD_50.002_1D_CI13_2/Game/gamedraft/work/vivado/gamedraft/gamedraft.srcs/sources_1/imports/verilog/decoder_10.v:11]
	Parameter WIDTH bound to: 2'b10 
INFO: [Synth 8-6155] done synthesizing module 'decoder_10' (9#1) [C:/Users/admin/Documents/GitHub/SUTD_ISTD_50.002_1D_CI13_2/Game/gamedraft/work/vivado/gamedraft/gamedraft.srcs/sources_1/imports/verilog/decoder_10.v:11]
INFO: [Synth 8-6155] done synthesizing module 'multi_seven_seg_5' (10#1) [C:/Users/admin/Documents/GitHub/SUTD_ISTD_50.002_1D_CI13_2/Game/gamedraft/work/vivado/gamedraft/gamedraft.srcs/sources_1/imports/verilog/multi_seven_seg_5.v:12]
INFO: [Synth 8-6155] done synthesizing module 'au_top_0' (11#1) [C:/Users/admin/Documents/GitHub/SUTD_ISTD_50.002_1D_CI13_2/Game/gamedraft/work/vivado/gamedraft/gamedraft.srcs/sources_1/imports/verilog/au_top_0.v:7]
---------------------------------------------------------------------------------
Finished RTL Elaboration : Time (s): cpu = 00:00:09 ; elapsed = 00:00:09 . Memory (MB): peak = 1025.684 ; gain = 0.000
---------------------------------------------------------------------------------
---------------------------------------------------------------------------------
Start Handling Custom Attributes
---------------------------------------------------------------------------------
---------------------------------------------------------------------------------
Finished Handling Custom Attributes : Time (s): cpu = 00:00:09 ; elapsed = 00:00:10 . Memory (MB): peak = 1025.684 ; gain = 0.000
---------------------------------------------------------------------------------
---------------------------------------------------------------------------------
Finished RTL Optimization Phase 1 : Time (s): cpu = 00:00:09 ; elapsed = 00:00:10 . Memory (MB): peak = 1025.684 ; gain = 0.000
---------------------------------------------------------------------------------
Netlist sorting complete. Time (s): cpu = 00:00:00 ; elapsed = 00:00:00.008 . Memory (MB): peak = 1025.684 ; gain = 0.000
INFO: [Project 1-570] Preparing netlist for logic optimization

Processing XDC Constraints
Initializing timing engine
Parsing XDC File [C:/Users/admin/Documents/GitHub/SUTD_ISTD_50.002_1D_CI13_2/Game/gamedraft/constraint/ALU.xdc]
Finished Parsing XDC File [C:/Users/admin/Documents/GitHub/SUTD_ISTD_50.002_1D_CI13_2/Game/gamedraft/constraint/ALU.xdc]
INFO: [Project 1-236] Implementation specific constraints were found while reading constraint file [C:/Users/admin/Documents/GitHub/SUTD_ISTD_50.002_1D_CI13_2/Game/gamedraft/constraint/ALU.xdc]. These constraints will be ignored for synthesis but will be used in implementation. Impacted constraints are listed in the file [.Xil/au_top_0_propImpl.xdc].
Resolution: To avoid this warning, move constraints listed in [.Xil/au_top_0_propImpl.xdc] to another XDC file and exclude this new file from synthesis with the used_in_synthesis property (File Properties dialog in GUI) and re-run elaboration/synthesis.
Parsing XDC File [C:/Users/admin/Documents/GitHub/SUTD_ISTD_50.002_1D_CI13_2/Game/gamedraft/work/constraint/custom.xdc]
Finished Parsing XDC File [C:/Users/admin/Documents/GitHub/SUTD_ISTD_50.002_1D_CI13_2/Game/gamedraft/work/constraint/custom.xdc]
INFO: [Project 1-236] Implementation specific constraints were found while reading constraint file [C:/Users/admin/Documents/GitHub/SUTD_ISTD_50.002_1D_CI13_2/Game/gamedraft/work/constraint/custom.xdc]. These constraints will be ignored for synthesis but will be used in implementation. Impacted constraints are listed in the file [.Xil/au_top_0_propImpl.xdc].
Resolution: To avoid this warning, move constraints listed in [.Xil/au_top_0_propImpl.xdc] to another XDC file and exclude this new file from synthesis with the used_in_synthesis property (File Properties dialog in GUI) and re-run elaboration/synthesis.
Completed Processing XDC Constraints

Netlist sorting complete. Time (s): cpu = 00:00:00 ; elapsed = 00:00:00.001 . Memory (MB): peak = 1041.316 ; gain = 0.000
INFO: [Project 1-111] Unisim Transformation Summary:
No Unisim elements were transformed.

Constraint Validation Runtime : Time (s): cpu = 00:00:00 ; elapsed = 00:00:00.013 . Memory (MB): peak = 1041.316 ; gain = 0.000
---------------------------------------------------------------------------------
Finished Constraint Validation : Time (s): cpu = 00:00:19 ; elapsed = 00:00:19 . Memory (MB): peak = 1041.316 ; gain = 15.633
---------------------------------------------------------------------------------
---------------------------------------------------------------------------------
Start Loading Part and Timing Information
---------------------------------------------------------------------------------
Loading part: xc7a35tftg256-1
---------------------------------------------------------------------------------
Finished Loading Part and Timing Information : Time (s): cpu = 00:00:19 ; elapsed = 00:00:19 . Memory (MB): peak = 1041.316 ; gain = 15.633
---------------------------------------------------------------------------------
---------------------------------------------------------------------------------
Start Applying 'set_property' XDC Constraints
---------------------------------------------------------------------------------
---------------------------------------------------------------------------------
Finished applying 'set_property' XDC Constraints : Time (s): cpu = 00:00:19 ; elapsed = 00:00:19 . Memory (MB): peak = 1041.316 ; gain = 15.633
---------------------------------------------------------------------------------
---------------------------------------------------------------------------------
Finished RTL Optimization Phase 2 : Time (s): cpu = 00:00:19 ; elapsed = 00:00:20 . Memory (MB): peak = 1041.316 ; gain = 15.633
---------------------------------------------------------------------------------
INFO: [Synth 8-223] decloning instance 'seg' (multi_seven_seg_5) to 'seg2'
INFO: [Synth 8-223] decloning instance 'seg' (multi_seven_seg_5) to 'sega'
INFO: [Synth 8-223] decloning instance 'seg' (multi_seven_seg_5) to 'segb'
INFO: [Synth 8-223] decloning instance 'seg' (multi_seven_seg_5) to 'segc'
INFO: [Synth 8-223] decloning instance 'seg' (multi_seven_seg_5) to 'segd'
---------------------------------------------------------------------------------
Start RTL Component Statistics 
---------------------------------------------------------------------------------
Detailed RTL Component Info : 
+---Adders : 
	   2 Input   18 Bit       Adders := 1     
+---Registers : 
	               18 Bit    Registers := 1     
	                4 Bit    Registers := 1     
	                3 Bit    Registers := 1     
	                2 Bit    Registers := 6     
	                1 Bit    Registers := 6     
+---Muxes : 
	   2 Input   18 Bit        Muxes := 1     
	   4 Input    4 Bit        Muxes := 1     
	   2 Input    3 Bit        Muxes := 3     
	   4 Input    1 Bit        Muxes := 1     
	   2 Input    1 Bit        Muxes := 2     
---------------------------------------------------------------------------------
Finished RTL Component Statistics 
---------------------------------------------------------------------------------
---------------------------------------------------------------------------------
Start Part Resource Summary
---------------------------------------------------------------------------------
Part Resources:
DSPs: 90 (col length:60)
BRAMs: 100 (col length: RAMB18 60 RAMB36 30)
---------------------------------------------------------------------------------
Finished Part Resource Summary
---------------------------------------------------------------------------------
---------------------------------------------------------------------------------
Start Cross Boundary and Area Optimization
---------------------------------------------------------------------------------
---------------------------------------------------------------------------------
Finished Cross Boundary and Area Optimization : Time (s): cpu = 00:00:21 ; elapsed = 00:00:22 . Memory (MB): peak = 1041.316 ; gain = 15.633
---------------------------------------------------------------------------------
---------------------------------------------------------------------------------
Start Applying XDC Timing Constraints
---------------------------------------------------------------------------------
---------------------------------------------------------------------------------
Finished Applying XDC Timing Constraints : Time (s): cpu = 00:00:31 ; elapsed = 00:00:32 . Memory (MB): peak = 1041.316 ; gain = 15.633
---------------------------------------------------------------------------------
---------------------------------------------------------------------------------
Start Timing Optimization
---------------------------------------------------------------------------------
---------------------------------------------------------------------------------
Finished Timing Optimization : Time (s): cpu = 00:00:32 ; elapsed = 00:00:32 . Memory (MB): peak = 1041.316 ; gain = 15.633
---------------------------------------------------------------------------------
---------------------------------------------------------------------------------
Start Technology Mapping
---------------------------------------------------------------------------------
---------------------------------------------------------------------------------
Finished Technology Mapping : Time (s): cpu = 00:00:32 ; elapsed = 00:00:33 . Memory (MB): peak = 1041.316 ; gain = 15.633
---------------------------------------------------------------------------------
---------------------------------------------------------------------------------
Start IO Insertion
---------------------------------------------------------------------------------
---------------------------------------------------------------------------------
Start Flattening Before IO Insertion
---------------------------------------------------------------------------------
---------------------------------------------------------------------------------
Finished Flattening Before IO Insertion
---------------------------------------------------------------------------------
---------------------------------------------------------------------------------
Start Final Netlist Cleanup
---------------------------------------------------------------------------------
---------------------------------------------------------------------------------
Finished Final Netlist Cleanup
---------------------------------------------------------------------------------
---------------------------------------------------------------------------------
Finished IO Insertion : Time (s): cpu = 00:00:37 ; elapsed = 00:00:38 . Memory (MB): peak = 1041.316 ; gain = 15.633
---------------------------------------------------------------------------------
---------------------------------------------------------------------------------
Start Renaming Generated Instances
---------------------------------------------------------------------------------
---------------------------------------------------------------------------------
Finished Renaming Generated Instances : Time (s): cpu = 00:00:37 ; elapsed = 00:00:38 . Memory (MB): peak = 1041.316 ; gain = 15.633
---------------------------------------------------------------------------------
---------------------------------------------------------------------------------
Start Rebuilding User Hierarchy
---------------------------------------------------------------------------------
---------------------------------------------------------------------------------
Finished Rebuilding User Hierarchy : Time (s): cpu = 00:00:37 ; elapsed = 00:00:38 . Memory (MB): peak = 1041.316 ; gain = 15.633
---------------------------------------------------------------------------------
---------------------------------------------------------------------------------
Start Renaming Generated Ports
---------------------------------------------------------------------------------
---------------------------------------------------------------------------------
Finished Renaming Generated Ports : Time (s): cpu = 00:00:37 ; elapsed = 00:00:38 . Memory (MB): peak = 1041.316 ; gain = 15.633
---------------------------------------------------------------------------------
---------------------------------------------------------------------------------
Start Handling Custom Attributes
---------------------------------------------------------------------------------
---------------------------------------------------------------------------------
Finished Handling Custom Attributes : Time (s): cpu = 00:00:37 ; elapsed = 00:00:38 . Memory (MB): peak = 1041.316 ; gain = 15.633
---------------------------------------------------------------------------------
---------------------------------------------------------------------------------
Start Renaming Generated Nets
---------------------------------------------------------------------------------
---------------------------------------------------------------------------------
Finished Renaming Generated Nets : Time (s): cpu = 00:00:37 ; elapsed = 00:00:38 . Memory (MB): peak = 1041.316 ; gain = 15.633
---------------------------------------------------------------------------------
---------------------------------------------------------------------------------
Start Writing Synthesis Report
---------------------------------------------------------------------------------

Report BlackBoxes: 
+-+--------------+----------+
| |BlackBox name |Instances |
+-+--------------+----------+
+-+--------------+----------+

Report Cell Usage: 
+------+-------+------+
|      |Cell   |Count |
+------+-------+------+
|1     |BUFG   |     1|
|2     |CARRY4 |     5|
|3     |LUT1   |     2|
|4     |LUT2   |     1|
|5     |LUT4   |     3|
|6     |LUT5   |    17|
|7     |LUT6   |     1|
|8     |FDRE   |    18|
|9     |FDSE   |     4|
|10    |IBUF   |     3|
|11    |OBUF   |    78|
+------+-------+------+
---------------------------------------------------------------------------------
Finished Writing Synthesis Report : Time (s): cpu = 00:00:37 ; elapsed = 00:00:38 . Memory (MB): peak = 1041.316 ; gain = 15.633
---------------------------------------------------------------------------------
Synthesis finished with 0 errors, 0 critical warnings and 0 warnings.
Synthesis Optimization Runtime : Time (s): cpu = 00:00:25 ; elapsed = 00:00:35 . Memory (MB): peak = 1041.316 ; gain = 0.000
Synthesis Optimization Complete : Time (s): cpu = 00:00:38 ; elapsed = 00:00:39 . Memory (MB): peak = 1041.316 ; gain = 15.633
INFO: [Project 1-571] Translating synthesized netlist
Netlist sorting complete. Time (s): cpu = 00:00:00 ; elapsed = 00:00:00.004 . Memory (MB): peak = 1049.125 ; gain = 0.000
INFO: [Netlist 29-17] Analyzing 5 Unisim elements for replacement
INFO: [Netlist 29-28] Unisim Transformation completed in 0 CPU seconds
INFO: [Project 1-570] Preparing netlist for logic optimization
INFO: [Opt 31-138] Pushed 0 inverter(s) to 0 load pin(s).
Netlist sorting complete. Time (s): cpu = 00:00:00 ; elapsed = 00:00:00 . Memory (MB): peak = 1054.695 ; gain = 0.000
INFO: [Project 1-111] Unisim Transformation Summary:
No Unisim elements were transformed.

INFO: [Common 17-83] Releasing license: Synthesis
45 Infos, 4 Warnings, 0 Critical Warnings and 0 Errors encountered.
synth_design completed successfully
synth_design: Time (s): cpu = 00:00:44 ; elapsed = 00:00:48 . Memory (MB): peak = 1054.695 ; gain = 29.012
INFO: [Common 17-1381] The checkpoint 'C:/Users/admin/Documents/GitHub/SUTD_ISTD_50.002_1D_CI13_2/Game/gamedraft/work/vivado/gamedraft/gamedraft.runs/synth_1/au_top_0.dcp' has been generated.
INFO: [runtcl-4] Executing : report_utilization -file au_top_0_utilization_synth.rpt -pb au_top_0_utilization_synth.pb
INFO: [Common 17-206] Exiting Vivado at Fri Dec  4 15:21:15 2020...
