
*** Running vivado
    with args -log au_top_0.vds -m64 -product Vivado -mode batch -messageDb vivado.pb -notrace -source au_top_0.tcl



****** Vivado v2020.1 (64-bit)
  **** SW Build 2902540 on Wed May 27 19:54:49 MDT 2020
  **** IP Build 2902112 on Wed May 27 22:43:36 MDT 2020
    ** Copyright 1986-2020 Xilinx, Inc. All Rights Reserved.

source au_top_0.tcl -notrace
Command: synth_design -top au_top_0 -part xc7a35tftg256-1
Starting synth_design
Attempting to get a license for feature 'Synthesis' and/or device 'xc7a35t'
INFO: [Common 17-349] Got license for feature 'Synthesis' and/or device 'xc7a35t'
INFO: [Device 21-403] Loading part xc7a35tftg256-1
INFO: [Synth 8-7079] Multithreading enabled for synth_design using a maximum of 2 processes.
INFO: [Synth 8-7078] Launching helper process for spawning children vivado processes
INFO: [Synth 8-7075] Helper process launched with PID 15608
---------------------------------------------------------------------------------
Starting RTL Elaboration : Time (s): cpu = 00:00:07 ; elapsed = 00:00:07 . Memory (MB): peak = 1024.734 ; gain = 0.000
---------------------------------------------------------------------------------
INFO: [Synth 8-6157] synthesizing module 'au_top_0' [C:/Users/admin/Documents/GitHub/SUTD_ISTD_50.002_1D_CI13_2/Game/Game/work/vivado/Game/Game.srcs/sources_1/imports/verilog/au_top_0.v:7]
	Parameter RANDA_state bound to: 6'b000000 
	Parameter STATEGAMESTART_state bound to: 6'b000001 
	Parameter RANDOP1_state bound to: 6'b000010 
	Parameter RANDB0_state bound to: 6'b000011 
	Parameter RANDB1_state bound to: 6'b000100 
	Parameter RANDB2_state bound to: 6'b000101 
	Parameter RANDB3_state bound to: 6'b000110 
	Parameter RANDOP20_state bound to: 6'b000111 
	Parameter RANDOP21_state bound to: 6'b001000 
	Parameter RANDOP22_state bound to: 6'b001001 
	Parameter RANDOP23_state bound to: 6'b001010 
	Parameter RANDC0_state bound to: 6'b001011 
	Parameter RANDC1_state bound to: 6'b001100 
	Parameter RANDC2_state bound to: 6'b001101 
	Parameter RANDC3_state bound to: 6'b001110 
	Parameter RANDC4_state bound to: 6'b001111 
	Parameter RANDC5_state bound to: 6'b010000 
	Parameter RANDC6_state bound to: 6'b010001 
	Parameter RANDC7_state bound to: 6'b010010 
	Parameter RANDC8_state bound to: 6'b010011 
	Parameter RANDC9_state bound to: 6'b010100 
	Parameter RANDCA_state bound to: 6'b010101 
	Parameter RANDCB_state bound to: 6'b010110 
	Parameter RANDCC_state bound to: 6'b010111 
	Parameter RANDCD_state bound to: 6'b011000 
	Parameter RANDCE_state bound to: 6'b011001 
	Parameter RANDCF_state bound to: 6'b011010 
	Parameter CALCD0_state bound to: 6'b011011 
	Parameter CALCD1_state bound to: 6'b011100 
	Parameter CALCD2_state bound to: 6'b011101 
	Parameter CALCD3_state bound to: 6'b011110 
	Parameter CALCD4_state bound to: 6'b011111 
	Parameter CALCD5_state bound to: 6'b100000 
	Parameter CALCD6_state bound to: 6'b100001 
	Parameter CALCD7_state bound to: 6'b100010 
	Parameter CALCD8_state bound to: 6'b100011 
	Parameter CALCD9_state bound to: 6'b100100 
	Parameter CALCDA_state bound to: 6'b100101 
	Parameter CALCDB_state bound to: 6'b100110 
	Parameter CALCDC_state bound to: 6'b100111 
	Parameter CALCDD_state bound to: 6'b101000 
	Parameter CALCDE_state bound to: 6'b101001 
	Parameter CALCDF_state bound to: 6'b101010 
	Parameter CHECKDOVER_state bound to: 6'b101011 
	Parameter CHECKDUNDER_state bound to: 6'b101100 
	Parameter RANDHIDE_state bound to: 6'b101101 
	Parameter STATEINPUT_state bound to: 6'b101110 
	Parameter STATEP1UP_state bound to: 6'b101111 
	Parameter STATEP2UP_state bound to: 6'b110000 
	Parameter STATEP1DOWN_state bound to: 6'b110001 
	Parameter STATEP2DOWN_state bound to: 6'b110010 
	Parameter STATEP1CORRECT_state bound to: 6'b110011 
	Parameter STATEP2CORRECT_state bound to: 6'b110100 
	Parameter STATEOUTPUT_state bound to: 6'b110101 
	Parameter STATEC_state bound to: 6'b110110 
	Parameter STATEHP_A_state bound to: 6'b110111 
	Parameter STATEHP_B_state bound to: 6'b111000 
	Parameter STATEGAMEOVER_state bound to: 6'b111001 
INFO: [Synth 8-6157] synthesizing module 'modulo1_1' [C:/Users/admin/Documents/GitHub/SUTD_ISTD_50.002_1D_CI13_2/Game/Game/work/vivado/Game/Game.srcs/sources_1/imports/verilog/modulo1_1.v:7]
INFO: [Synth 8-6155] done synthesizing module 'modulo1_1' (1#1) [C:/Users/admin/Documents/GitHub/SUTD_ISTD_50.002_1D_CI13_2/Game/Game/work/vivado/Game/Game.srcs/sources_1/imports/verilog/modulo1_1.v:7]
INFO: [Synth 8-6157] synthesizing module 'reset_conditioner_2' [C:/Users/admin/Documents/GitHub/SUTD_ISTD_50.002_1D_CI13_2/Game/Game/work/vivado/Game/Game.srcs/sources_1/imports/verilog/reset_conditioner_2.v:11]
	Parameter STAGES bound to: 3'b100 
INFO: [Synth 8-6155] done synthesizing module 'reset_conditioner_2' (2#1) [C:/Users/admin/Documents/GitHub/SUTD_ISTD_50.002_1D_CI13_2/Game/Game/work/vivado/Game/Game.srcs/sources_1/imports/verilog/reset_conditioner_2.v:11]
INFO: [Synth 8-6157] synthesizing module 'random_3' [C:/Users/admin/Documents/GitHub/SUTD_ISTD_50.002_1D_CI13_2/Game/Game/work/vivado/Game/Game.srcs/sources_1/imports/verilog/random_3.v:11]
	Parameter SEED bound to: 128'b10000100001100100011001101010010001110100110000100111001011001100100001000111011011000100010010101100010010110010010110001100010 
INFO: [Synth 8-6155] done synthesizing module 'random_3' (3#1) [C:/Users/admin/Documents/GitHub/SUTD_ISTD_50.002_1D_CI13_2/Game/Game/work/vivado/Game/Game.srcs/sources_1/imports/verilog/random_3.v:11]
INFO: [Synth 8-6157] synthesizing module 'edge_detector_4' [C:/Users/admin/Documents/GitHub/SUTD_ISTD_50.002_1D_CI13_2/Game/Game/work/vivado/Game/Game.srcs/sources_1/imports/verilog/edge_detector_4.v:12]
	Parameter RISE bound to: 1'b1 
	Parameter FALL bound to: 1'b0 
INFO: [Synth 8-6155] done synthesizing module 'edge_detector_4' (4#1) [C:/Users/admin/Documents/GitHub/SUTD_ISTD_50.002_1D_CI13_2/Game/Game/work/vivado/Game/Game.srcs/sources_1/imports/verilog/edge_detector_4.v:12]
INFO: [Synth 8-6157] synthesizing module 'button_conditioner_5' [C:/Users/admin/Documents/GitHub/SUTD_ISTD_50.002_1D_CI13_2/Game/Game/work/vivado/Game/Game.srcs/sources_1/imports/verilog/button_conditioner_5.v:13]
	Parameter CLK_FREQ bound to: 26'b10111110101111000010000000 
	Parameter MIN_DELAY bound to: 5'b10100 
	Parameter NUM_SYNC bound to: 2'b10 
INFO: [Synth 8-6157] synthesizing module 'pipeline_8' [C:/Users/admin/Documents/GitHub/SUTD_ISTD_50.002_1D_CI13_2/Game/Game/work/vivado/Game/Game.srcs/sources_1/imports/verilog/pipeline_8.v:11]
	Parameter DEPTH bound to: 2'b10 
INFO: [Synth 8-6155] done synthesizing module 'pipeline_8' (5#1) [C:/Users/admin/Documents/GitHub/SUTD_ISTD_50.002_1D_CI13_2/Game/Game/work/vivado/Game/Game.srcs/sources_1/imports/verilog/pipeline_8.v:11]
INFO: [Synth 8-6155] done synthesizing module 'button_conditioner_5' (6#1) [C:/Users/admin/Documents/GitHub/SUTD_ISTD_50.002_1D_CI13_2/Game/Game/work/vivado/Game/Game.srcs/sources_1/imports/verilog/button_conditioner_5.v:13]
INFO: [Synth 8-6157] synthesizing module 'multi_seven_seg_6' [C:/Users/admin/Documents/GitHub/SUTD_ISTD_50.002_1D_CI13_2/Game/Game/work/vivado/Game/Game.srcs/sources_1/imports/verilog/multi_seven_seg_6.v:12]
	Parameter DIGITS bound to: 3'b100 
	Parameter DIV bound to: 5'b10000 
	Parameter DIGIT_BITS bound to: 2'b10 
INFO: [Synth 8-6157] synthesizing module 'counter_9' [C:/Users/admin/Documents/GitHub/SUTD_ISTD_50.002_1D_CI13_2/Game/Game/work/vivado/Game/Game.srcs/sources_1/imports/verilog/counter_9.v:14]
	Parameter SIZE bound to: 2'b10 
	Parameter DIV bound to: 5'b10000 
	Parameter TOP bound to: 4'b0011 
	Parameter UP bound to: 1'b1 
	Parameter MAX_VALUE bound to: 20'b00111111111111111111 
INFO: [Synth 8-6155] done synthesizing module 'counter_9' (7#1) [C:/Users/admin/Documents/GitHub/SUTD_ISTD_50.002_1D_CI13_2/Game/Game/work/vivado/Game/Game.srcs/sources_1/imports/verilog/counter_9.v:14]
INFO: [Synth 8-6157] synthesizing module 'seven_seg_10' [C:/Users/admin/Documents/GitHub/SUTD_ISTD_50.002_1D_CI13_2/Game/Game/work/vivado/Game/Game.srcs/sources_1/imports/verilog/seven_seg_10.v:7]
WARNING: [Synth 8-151] case item 5'b10000 is unreachable [C:/Users/admin/Documents/GitHub/SUTD_ISTD_50.002_1D_CI13_2/Game/Game/work/vivado/Game/Game.srcs/sources_1/imports/verilog/seven_seg_10.v:65]
WARNING: [Synth 8-151] case item 5'b10001 is unreachable [C:/Users/admin/Documents/GitHub/SUTD_ISTD_50.002_1D_CI13_2/Game/Game/work/vivado/Game/Game.srcs/sources_1/imports/verilog/seven_seg_10.v:68]
WARNING: [Synth 8-151] case item 5'b10010 is unreachable [C:/Users/admin/Documents/GitHub/SUTD_ISTD_50.002_1D_CI13_2/Game/Game/work/vivado/Game/Game.srcs/sources_1/imports/verilog/seven_seg_10.v:71]
WARNING: [Synth 8-151] case item 5'b10011 is unreachable [C:/Users/admin/Documents/GitHub/SUTD_ISTD_50.002_1D_CI13_2/Game/Game/work/vivado/Game/Game.srcs/sources_1/imports/verilog/seven_seg_10.v:74]
INFO: [Synth 8-226] default block is never used [C:/Users/admin/Documents/GitHub/SUTD_ISTD_50.002_1D_CI13_2/Game/Game/work/vivado/Game/Game.srcs/sources_1/imports/verilog/seven_seg_10.v:16]
INFO: [Synth 8-6155] done synthesizing module 'seven_seg_10' (8#1) [C:/Users/admin/Documents/GitHub/SUTD_ISTD_50.002_1D_CI13_2/Game/Game/work/vivado/Game/Game.srcs/sources_1/imports/verilog/seven_seg_10.v:7]
INFO: [Synth 8-6157] synthesizing module 'decoder_11' [C:/Users/admin/Documents/GitHub/SUTD_ISTD_50.002_1D_CI13_2/Game/Game/work/vivado/Game/Game.srcs/sources_1/imports/verilog/decoder_11.v:11]
	Parameter WIDTH bound to: 2'b10 
INFO: [Synth 8-6155] done synthesizing module 'decoder_11' (9#1) [C:/Users/admin/Documents/GitHub/SUTD_ISTD_50.002_1D_CI13_2/Game/Game/work/vivado/Game/Game.srcs/sources_1/imports/verilog/decoder_11.v:11]
INFO: [Synth 8-6155] done synthesizing module 'multi_seven_seg_6' (10#1) [C:/Users/admin/Documents/GitHub/SUTD_ISTD_50.002_1D_CI13_2/Game/Game/work/vivado/Game/Game.srcs/sources_1/imports/verilog/multi_seven_seg_6.v:12]
INFO: [Synth 8-6157] synthesizing module 'counter_7' [C:/Users/admin/Documents/GitHub/SUTD_ISTD_50.002_1D_CI13_2/Game/Game/work/vivado/Game/Game.srcs/sources_1/imports/verilog/counter_7.v:14]
	Parameter SIZE bound to: 1'b1 
	Parameter DIV bound to: 5'b11010 
	Parameter TOP bound to: 1'b0 
	Parameter UP bound to: 1'b1 
	Parameter MAX_VALUE bound to: 27'b011111111111111111111111111 
INFO: [Synth 8-6155] done synthesizing module 'counter_7' (11#1) [C:/Users/admin/Documents/GitHub/SUTD_ISTD_50.002_1D_CI13_2/Game/Game/work/vivado/Game/Game.srcs/sources_1/imports/verilog/counter_7.v:14]
WARNING: [Synth 8-4179] divide by zero is illegal [C:/Users/admin/Documents/GitHub/SUTD_ISTD_50.002_1D_CI13_2/Game/Game/work/vivado/Game/Game.srcs/sources_1/imports/verilog/au_top_0.v:451]
WARNING: [Synth 8-4179] divide by zero is illegal [C:/Users/admin/Documents/GitHub/SUTD_ISTD_50.002_1D_CI13_2/Game/Game/work/vivado/Game/Game.srcs/sources_1/imports/verilog/au_top_0.v:616]
WARNING: [Synth 8-4179] divide by zero is illegal [C:/Users/admin/Documents/GitHub/SUTD_ISTD_50.002_1D_CI13_2/Game/Game/work/vivado/Game/Game.srcs/sources_1/imports/verilog/au_top_0.v:622]
WARNING: [Synth 8-4179] divide by zero is illegal [C:/Users/admin/Documents/GitHub/SUTD_ISTD_50.002_1D_CI13_2/Game/Game/work/vivado/Game/Game.srcs/sources_1/imports/verilog/au_top_0.v:698]
WARNING: [Synth 8-4179] divide by zero is illegal [C:/Users/admin/Documents/GitHub/SUTD_ISTD_50.002_1D_CI13_2/Game/Game/work/vivado/Game/Game.srcs/sources_1/imports/verilog/au_top_0.v:704]
WARNING: [Synth 8-4179] divide by zero is illegal [C:/Users/admin/Documents/GitHub/SUTD_ISTD_50.002_1D_CI13_2/Game/Game/work/vivado/Game/Game.srcs/sources_1/imports/verilog/au_top_0.v:783]
WARNING: [Synth 8-4179] divide by zero is illegal [C:/Users/admin/Documents/GitHub/SUTD_ISTD_50.002_1D_CI13_2/Game/Game/work/vivado/Game/Game.srcs/sources_1/imports/verilog/au_top_0.v:783]
WARNING: [Synth 8-4179] divide by zero is illegal [C:/Users/admin/Documents/GitHub/SUTD_ISTD_50.002_1D_CI13_2/Game/Game/work/vivado/Game/Game.srcs/sources_1/imports/verilog/au_top_0.v:789]
WARNING: [Synth 8-4179] divide by zero is illegal [C:/Users/admin/Documents/GitHub/SUTD_ISTD_50.002_1D_CI13_2/Game/Game/work/vivado/Game/Game.srcs/sources_1/imports/verilog/au_top_0.v:789]
WARNING: [Synth 8-4179] divide by zero is illegal [C:/Users/admin/Documents/GitHub/SUTD_ISTD_50.002_1D_CI13_2/Game/Game/work/vivado/Game/Game.srcs/sources_1/imports/verilog/au_top_0.v:823]
WARNING: [Synth 8-4179] divide by zero is illegal [C:/Users/admin/Documents/GitHub/SUTD_ISTD_50.002_1D_CI13_2/Game/Game/work/vivado/Game/Game.srcs/sources_1/imports/verilog/au_top_0.v:829]
WARNING: [Synth 8-4179] divide by zero is illegal [C:/Users/admin/Documents/GitHub/SUTD_ISTD_50.002_1D_CI13_2/Game/Game/work/vivado/Game/Game.srcs/sources_1/imports/verilog/au_top_0.v:844]
WARNING: [Synth 8-4179] divide by zero is illegal [C:/Users/admin/Documents/GitHub/SUTD_ISTD_50.002_1D_CI13_2/Game/Game/work/vivado/Game/Game.srcs/sources_1/imports/verilog/au_top_0.v:850]
WARNING: [Synth 8-4179] divide by zero is illegal [C:/Users/admin/Documents/GitHub/SUTD_ISTD_50.002_1D_CI13_2/Game/Game/work/vivado/Game/Game.srcs/sources_1/imports/verilog/au_top_0.v:865]
WARNING: [Synth 8-4179] divide by zero is illegal [C:/Users/admin/Documents/GitHub/SUTD_ISTD_50.002_1D_CI13_2/Game/Game/work/vivado/Game/Game.srcs/sources_1/imports/verilog/au_top_0.v:871]
WARNING: [Synth 8-4179] divide by zero is illegal [C:/Users/admin/Documents/GitHub/SUTD_ISTD_50.002_1D_CI13_2/Game/Game/work/vivado/Game/Game.srcs/sources_1/imports/verilog/au_top_0.v:883]
WARNING: [Synth 8-4179] divide by zero is illegal [C:/Users/admin/Documents/GitHub/SUTD_ISTD_50.002_1D_CI13_2/Game/Game/work/vivado/Game/Game.srcs/sources_1/imports/verilog/au_top_0.v:883]
WARNING: [Synth 8-4179] divide by zero is illegal [C:/Users/admin/Documents/GitHub/SUTD_ISTD_50.002_1D_CI13_2/Game/Game/work/vivado/Game/Game.srcs/sources_1/imports/verilog/au_top_0.v:914]
WARNING: [Synth 8-4179] divide by zero is illegal [C:/Users/admin/Documents/GitHub/SUTD_ISTD_50.002_1D_CI13_2/Game/Game/work/vivado/Game/Game.srcs/sources_1/imports/verilog/au_top_0.v:930]
WARNING: [Synth 8-4179] divide by zero is illegal [C:/Users/admin/Documents/GitHub/SUTD_ISTD_50.002_1D_CI13_2/Game/Game/work/vivado/Game/Game.srcs/sources_1/imports/verilog/au_top_0.v:946]
WARNING: [Synth 8-4179] divide by zero is illegal [C:/Users/admin/Documents/GitHub/SUTD_ISTD_50.002_1D_CI13_2/Game/Game/work/vivado/Game/Game.srcs/sources_1/imports/verilog/au_top_0.v:950]
WARNING: [Synth 8-4179] divide by zero is illegal [C:/Users/admin/Documents/GitHub/SUTD_ISTD_50.002_1D_CI13_2/Game/Game/work/vivado/Game/Game.srcs/sources_1/imports/verilog/au_top_0.v:954]
WARNING: [Synth 8-4179] divide by zero is illegal [C:/Users/admin/Documents/GitHub/SUTD_ISTD_50.002_1D_CI13_2/Game/Game/work/vivado/Game/Game.srcs/sources_1/imports/verilog/au_top_0.v:958]
WARNING: [Synth 8-4179] divide by zero is illegal [C:/Users/admin/Documents/GitHub/SUTD_ISTD_50.002_1D_CI13_2/Game/Game/work/vivado/Game/Game.srcs/sources_1/imports/verilog/au_top_0.v:962]
WARNING: [Synth 8-4179] divide by zero is illegal [C:/Users/admin/Documents/GitHub/SUTD_ISTD_50.002_1D_CI13_2/Game/Game/work/vivado/Game/Game.srcs/sources_1/imports/verilog/au_top_0.v:962]
INFO: [Synth 8-155] case statement is not full and has no default [C:/Users/admin/Documents/GitHub/SUTD_ISTD_50.002_1D_CI13_2/Game/Game/work/vivado/Game/Game.srcs/sources_1/imports/verilog/au_top_0.v:387]
INFO: [Synth 8-6155] done synthesizing module 'au_top_0' (12#1) [C:/Users/admin/Documents/GitHub/SUTD_ISTD_50.002_1D_CI13_2/Game/Game/work/vivado/Game/Game.srcs/sources_1/imports/verilog/au_top_0.v:7]
---------------------------------------------------------------------------------
Finished RTL Elaboration : Time (s): cpu = 00:00:09 ; elapsed = 00:00:09 . Memory (MB): peak = 1024.734 ; gain = 0.000
---------------------------------------------------------------------------------
---------------------------------------------------------------------------------
Start Handling Custom Attributes
---------------------------------------------------------------------------------
---------------------------------------------------------------------------------
Finished Handling Custom Attributes : Time (s): cpu = 00:00:09 ; elapsed = 00:00:10 . Memory (MB): peak = 1024.734 ; gain = 0.000
---------------------------------------------------------------------------------
---------------------------------------------------------------------------------
Finished RTL Optimization Phase 1 : Time (s): cpu = 00:00:09 ; elapsed = 00:00:10 . Memory (MB): peak = 1024.734 ; gain = 0.000
---------------------------------------------------------------------------------
Netlist sorting complete. Time (s): cpu = 00:00:00 ; elapsed = 00:00:00.024 . Memory (MB): peak = 1024.734 ; gain = 0.000
INFO: [Project 1-570] Preparing netlist for logic optimization

Processing XDC Constraints
Initializing timing engine
Parsing XDC File [C:/Users/admin/Documents/GitHub/SUTD_ISTD_50.002_1D_CI13_2/Game/Game/constraint/ALU.xdc]
Finished Parsing XDC File [C:/Users/admin/Documents/GitHub/SUTD_ISTD_50.002_1D_CI13_2/Game/Game/constraint/ALU.xdc]
INFO: [Project 1-236] Implementation specific constraints were found while reading constraint file [C:/Users/admin/Documents/GitHub/SUTD_ISTD_50.002_1D_CI13_2/Game/Game/constraint/ALU.xdc]. These constraints will be ignored for synthesis but will be used in implementation. Impacted constraints are listed in the file [.Xil/au_top_0_propImpl.xdc].
Resolution: To avoid this warning, move constraints listed in [.Xil/au_top_0_propImpl.xdc] to another XDC file and exclude this new file from synthesis with the used_in_synthesis property (File Properties dialog in GUI) and re-run elaboration/synthesis.
Parsing XDC File [C:/Users/admin/Documents/GitHub/SUTD_ISTD_50.002_1D_CI13_2/Game/Game/work/constraint/custom.xdc]
Finished Parsing XDC File [C:/Users/admin/Documents/GitHub/SUTD_ISTD_50.002_1D_CI13_2/Game/Game/work/constraint/custom.xdc]
INFO: [Project 1-236] Implementation specific constraints were found while reading constraint file [C:/Users/admin/Documents/GitHub/SUTD_ISTD_50.002_1D_CI13_2/Game/Game/work/constraint/custom.xdc]. These constraints will be ignored for synthesis but will be used in implementation. Impacted constraints are listed in the file [.Xil/au_top_0_propImpl.xdc].
Resolution: To avoid this warning, move constraints listed in [.Xil/au_top_0_propImpl.xdc] to another XDC file and exclude this new file from synthesis with the used_in_synthesis property (File Properties dialog in GUI) and re-run elaboration/synthesis.
Completed Processing XDC Constraints

Netlist sorting complete. Time (s): cpu = 00:00:00 ; elapsed = 00:00:00.001 . Memory (MB): peak = 1028.051 ; gain = 0.000
INFO: [Project 1-111] Unisim Transformation Summary:
No Unisim elements were transformed.

Constraint Validation Runtime : Time (s): cpu = 00:00:00 ; elapsed = 00:00:00.014 . Memory (MB): peak = 1028.051 ; gain = 0.000
---------------------------------------------------------------------------------
Finished Constraint Validation : Time (s): cpu = 00:00:19 ; elapsed = 00:00:21 . Memory (MB): peak = 1028.051 ; gain = 3.316
---------------------------------------------------------------------------------
---------------------------------------------------------------------------------
Start Loading Part and Timing Information
---------------------------------------------------------------------------------
Loading part: xc7a35tftg256-1
---------------------------------------------------------------------------------
Finished Loading Part and Timing Information : Time (s): cpu = 00:00:20 ; elapsed = 00:00:21 . Memory (MB): peak = 1028.051 ; gain = 3.316
---------------------------------------------------------------------------------
---------------------------------------------------------------------------------
Start Applying 'set_property' XDC Constraints
---------------------------------------------------------------------------------
---------------------------------------------------------------------------------
Finished applying 'set_property' XDC Constraints : Time (s): cpu = 00:00:20 ; elapsed = 00:00:21 . Memory (MB): peak = 1028.051 ; gain = 3.316
---------------------------------------------------------------------------------
INFO: [Synth 8-802] inferred FSM for state register 'M_state_q_reg' in module 'au_top_0'
---------------------------------------------------------------------------------------------------
                   State |                     New Encoding |                Previous Encoding 
---------------------------------------------------------------------------------------------------
             RANDA_state |                                0 |                           000000
    STATEGAMESTART_state |                                1 |                           000001
---------------------------------------------------------------------------------------------------
INFO: [Synth 8-3354] encoded FSM with state register 'M_state_q_reg' using encoding 'sequential' in module 'au_top_0'
---------------------------------------------------------------------------------
Finished RTL Optimization Phase 2 : Time (s): cpu = 00:00:20 ; elapsed = 00:00:22 . Memory (MB): peak = 1028.051 ; gain = 3.316
---------------------------------------------------------------------------------
INFO: [Synth 8-223] decloning instance 'seg' (multi_seven_seg_6) to 'seg2'
INFO: [Synth 8-223] decloning instance 'segb' (multi_seven_seg_6) to 'segd'
---------------------------------------------------------------------------------
Start RTL Component Statistics 
---------------------------------------------------------------------------------
Detailed RTL Component Info : 
+---Adders : 
	   2 Input   18 Bit       Adders := 4     
+---XORs : 
	   2 Input     32 Bit         XORs := 2     
	   4 Input     32 Bit         XORs := 1     
+---Registers : 
	               32 Bit    Registers := 5     
	               18 Bit    Registers := 4     
	                4 Bit    Registers := 1     
	                2 Bit    Registers := 4     
	                1 Bit    Registers := 4     
+---Muxes : 
	   2 Input   32 Bit        Muxes := 2     
	   2 Input   18 Bit        Muxes := 4     
	   2 Input   15 Bit        Muxes := 7     
	   4 Input   15 Bit        Muxes := 1     
	   4 Input    4 Bit        Muxes := 4     
	   2 Input    1 Bit        Muxes := 4     
	   4 Input    1 Bit        Muxes := 1     
	   6 Input    1 Bit        Muxes := 1     
---------------------------------------------------------------------------------
Finished RTL Component Statistics 
---------------------------------------------------------------------------------
---------------------------------------------------------------------------------
Start Part Resource Summary
---------------------------------------------------------------------------------
Part Resources:
DSPs: 90 (col length:60)
BRAMs: 100 (col length: RAMB18 60 RAMB36 30)
---------------------------------------------------------------------------------
Finished Part Resource Summary
---------------------------------------------------------------------------------
---------------------------------------------------------------------------------
Start Cross Boundary and Area Optimization
---------------------------------------------------------------------------------
---------------------------------------------------------------------------------
Finished Cross Boundary and Area Optimization : Time (s): cpu = 00:00:23 ; elapsed = 00:00:25 . Memory (MB): peak = 1028.051 ; gain = 3.316
---------------------------------------------------------------------------------
---------------------------------------------------------------------------------
Start Applying XDC Timing Constraints
---------------------------------------------------------------------------------
---------------------------------------------------------------------------------
Finished Applying XDC Timing Constraints : Time (s): cpu = 00:00:34 ; elapsed = 00:00:36 . Memory (MB): peak = 1028.051 ; gain = 3.316
---------------------------------------------------------------------------------
---------------------------------------------------------------------------------
Start Timing Optimization
---------------------------------------------------------------------------------
---------------------------------------------------------------------------------
Finished Timing Optimization : Time (s): cpu = 00:00:34 ; elapsed = 00:00:36 . Memory (MB): peak = 1028.051 ; gain = 3.316
---------------------------------------------------------------------------------
---------------------------------------------------------------------------------
Start Technology Mapping
---------------------------------------------------------------------------------
---------------------------------------------------------------------------------
Finished Technology Mapping : Time (s): cpu = 00:00:34 ; elapsed = 00:00:36 . Memory (MB): peak = 1037.785 ; gain = 13.051
---------------------------------------------------------------------------------
---------------------------------------------------------------------------------
Start IO Insertion
---------------------------------------------------------------------------------
---------------------------------------------------------------------------------
Start Flattening Before IO Insertion
---------------------------------------------------------------------------------
---------------------------------------------------------------------------------
Finished Flattening Before IO Insertion
---------------------------------------------------------------------------------
---------------------------------------------------------------------------------
Start Final Netlist Cleanup
---------------------------------------------------------------------------------
---------------------------------------------------------------------------------
Finished Final Netlist Cleanup
---------------------------------------------------------------------------------
---------------------------------------------------------------------------------
Finished IO Insertion : Time (s): cpu = 00:00:40 ; elapsed = 00:00:42 . Memory (MB): peak = 1044.566 ; gain = 19.832
---------------------------------------------------------------------------------
---------------------------------------------------------------------------------
Start Renaming Generated Instances
---------------------------------------------------------------------------------
---------------------------------------------------------------------------------
Finished Renaming Generated Instances : Time (s): cpu = 00:00:40 ; elapsed = 00:00:42 . Memory (MB): peak = 1044.566 ; gain = 19.832
---------------------------------------------------------------------------------
---------------------------------------------------------------------------------
Start Rebuilding User Hierarchy
---------------------------------------------------------------------------------
---------------------------------------------------------------------------------
Finished Rebuilding User Hierarchy : Time (s): cpu = 00:00:40 ; elapsed = 00:00:42 . Memory (MB): peak = 1044.566 ; gain = 19.832
---------------------------------------------------------------------------------
---------------------------------------------------------------------------------
Start Renaming Generated Ports
---------------------------------------------------------------------------------
---------------------------------------------------------------------------------
Finished Renaming Generated Ports : Time (s): cpu = 00:00:40 ; elapsed = 00:00:42 . Memory (MB): peak = 1044.566 ; gain = 19.832
---------------------------------------------------------------------------------
---------------------------------------------------------------------------------
Start Handling Custom Attributes
---------------------------------------------------------------------------------
---------------------------------------------------------------------------------
Finished Handling Custom Attributes : Time (s): cpu = 00:00:40 ; elapsed = 00:00:42 . Memory (MB): peak = 1044.566 ; gain = 19.832
---------------------------------------------------------------------------------
---------------------------------------------------------------------------------
Start Renaming Generated Nets
---------------------------------------------------------------------------------
---------------------------------------------------------------------------------
Finished Renaming Generated Nets : Time (s): cpu = 00:00:40 ; elapsed = 00:00:42 . Memory (MB): peak = 1044.566 ; gain = 19.832
---------------------------------------------------------------------------------
---------------------------------------------------------------------------------
Start Writing Synthesis Report
---------------------------------------------------------------------------------

Report BlackBoxes: 
+-+--------------+----------+
| |BlackBox name |Instances |
+-+--------------+----------+
+-+--------------+----------+

Report Cell Usage: 
+------+-------+------+
|      |Cell   |Count |
+------+-------+------+
|1     |BUFG   |     1|
|2     |CARRY4 |    25|
|3     |LUT1   |     7|
|4     |LUT3   |     8|
|5     |LUT4   |    17|
|6     |LUT5   |    70|
|7     |LUT6   |     7|
|8     |FDRE   |    96|
|9     |FDSE   |     4|
|10    |IBUF   |     4|
|11    |OBUF   |    79|
|12    |OBUFT  |    23|
+------+-------+------+
---------------------------------------------------------------------------------
Finished Writing Synthesis Report : Time (s): cpu = 00:00:40 ; elapsed = 00:00:42 . Memory (MB): peak = 1044.566 ; gain = 19.832
---------------------------------------------------------------------------------
Synthesis finished with 0 errors, 0 critical warnings and 0 warnings.
Synthesis Optimization Runtime : Time (s): cpu = 00:00:27 ; elapsed = 00:00:39 . Memory (MB): peak = 1044.566 ; gain = 16.516
Synthesis Optimization Complete : Time (s): cpu = 00:00:40 ; elapsed = 00:00:42 . Memory (MB): peak = 1044.566 ; gain = 19.832
INFO: [Project 1-571] Translating synthesized netlist
Netlist sorting complete. Time (s): cpu = 00:00:00 ; elapsed = 00:00:00.005 . Memory (MB): peak = 1044.566 ; gain = 0.000
INFO: [Netlist 29-17] Analyzing 25 Unisim elements for replacement
INFO: [Netlist 29-28] Unisim Transformation completed in 0 CPU seconds
INFO: [Project 1-570] Preparing netlist for logic optimization
INFO: [Opt 31-138] Pushed 0 inverter(s) to 0 load pin(s).
Netlist sorting complete. Time (s): cpu = 00:00:00 ; elapsed = 00:00:00.001 . Memory (MB): peak = 1054.703 ; gain = 0.000
INFO: [Project 1-111] Unisim Transformation Summary:
No Unisim elements were transformed.

INFO: [Common 17-83] Releasing license: Synthesis
46 Infos, 29 Warnings, 0 Critical Warnings and 0 Errors encountered.
synth_design completed successfully
synth_design: Time (s): cpu = 00:00:47 ; elapsed = 00:00:52 . Memory (MB): peak = 1054.703 ; gain = 29.969
INFO: [Common 17-1381] The checkpoint 'C:/Users/admin/Documents/GitHub/SUTD_ISTD_50.002_1D_CI13_2/Game/Game/work/vivado/Game/Game.runs/synth_1/au_top_0.dcp' has been generated.
INFO: [runtcl-4] Executing : report_utilization -file au_top_0_utilization_synth.rpt -pb au_top_0_utilization_synth.pb
INFO: [Common 17-206] Exiting Vivado at Thu Dec  3 05:01:48 2020...
